Library: ??????? ?????? (id=1)
  Old channel: https://t.me/+Laq6YTClGSY5ZWQ0
  New channel: https://t.me/+Laq6YTClGSY5ZWQ0

Loaded 6046 existing movies for matching.

Connecting to Telegram and scraping: https://t.me/+Laq6YTClGSY5ZWQ0
This may take a while for large channels...

Auto-resolved channel ID from Telegram: 3966641279
  ... scanned 500 messages ...
  ... scanned 1000 messages ...
  ... scanned 1500 messages ...
  ... scanned 2000 messages ...
  ... scanned 2500 messages ...
  ... scanned 3000 messages ...
  ... scanned 3500 messages ...
  ... scanned 4000 messages ...
  ... scanned 4500 messages ...
  ... scanned 5000 messages ...
  ... scanned 5500 messages ...
  ... scanned 6000 messages ...
  ... scanned 6500 messages ...
  ... scanned 7000 messages ...
  ... scanned 7500 messages ...
  ... scanned 8000 messages ...
  ... scanned 8500 messages ...
  ... scanned 9000 messages ...
  ... scanned 9500 messages ...
  ... scanned 10000 messages ...
  ... scanned 10500 messages ...
  ... scanned 11000 messages ...
  ... scanned 11500 messages ...
  ... scanned 12000 messages ...
  ... scanned 12500 messages ...
  ... scanned 13000 messages ...
  ... scanned 13500 messages ...
  ... scanned 14000 messages ...
  ... scanned 14500 messages ...
  ... scanned 15000 messages ...
  ... scanned 15500 messages ...
  ... scanned 16000 messages ...
  ... scanned 16500 messages ...
  ... scanned 17000 messages ...
  ... scanned 17500 messages ...
  ... scanned 18000 messages ...
  ... scanned 18500 messages ...

Scraped 18596 messages, found 14837 movie candidates.

============================================================
  MATCHING RESULTS
============================================================
  Total scraped movies     : 14837
  Matched (exact title)    : 14837
  Matched (fuzzy)          : 0
  Matched (TMDB ID)        : 0
  Unmatched                : 0
============================================================

DRY RUN — no database changes made.
