Found 2462 existing Telegram message(s) in the database.

Scraping full channel history: https://t.me/+vFmObioIMKQ0MmY0
This may take a while for channels with thousands of messages...

  [NEW] FROM! (msg #3006, quality: unknown)
  [NEW] badland hunters 2024 (msg #3002, quality: unknown)
  [NEW] Retribution 2023 (msg #2998, quality: unknown)
  [NEW] Uglies 2024 (msg #2989, quality: unknown)
  [NEW] Infinity Pool (msg #2985, quality: unknown)
  [NEW] Expendables 2023 (msg #2980, quality: unknown)
  [NEW] 172 Days 2023 (msg #2972, quality: unknown)
  [NEW] The Idea Of You (2024) (msg #2965, quality: unknown)
  [NEW] The Roundup No Way Out 2023 (msg #2956, quality: unknown)
  [NEW] Are You There God? It's Me, Margaret (msg #2952, quality: unknown)
  [NEW] arabseed .Everyone.Is.Going.To.Die.2024. .WEB (msg #2949, quality: 480p)
  [NEW] Devil Beneath (msg #2945, quality: unknown)
  [NEW] The Wasp (2024) (msg #2942, quality: unknown)
  [NEW] My Favorite Cake (2024) (msg #2940, quality: unknown)
  [NEW] Woman of the hour (2023) (msg #2933, quality: unknown)
  [NEW] Trunk Locked In (2023 ) (msg #2931, quality: unknown)
  [NEW] Hell House LLC Origins The Carmichael Manor (2023) (msg #2927, quality: unknown)
  [NEW] Soul Mates ( 2023 ) (msg #2925, quality: unknown)
  [NEW] The Six Triple Eight 2024 (msg #2918, quality: unknown)
  [NEW] The Nun 2 2023 (msg #2912, quality: unknown)
  [NEW] ACIDE 2023 (msg #2908, quality: unknown)
  [NEW] The Return (2024) (msg #2902, quality: unknown)
  [NEW] Love at First Sight 2023 (msg #2897, quality: unknown)
  [NEW] SAW.X.2023 (msg #2892, quality: 480p)
  [NEW] Lift 2024 (msg #2887, quality: unknown)
  [NEW] Dead Talents Society (2024) (msg #2885, quality: unknown)
  [NEW] Weapon 2024 (msg #2880, quality: unknown)
  [NEW] Ant Man and the Wasp Quantumania (2023) (msg #2876, quality: unknown)
  [NEW] Mr.K 2024 (msg #2869, quality: unknown)
  [NEW] The Killer (msg #2866, quality: unknown)
  [NEW] Jules 2023 (msg #2862, quality: unknown)
  [NEW] Freuds Last Session 2023 (msg #2856, quality: unknown)
  [NEW] Teen Wolf The 2023 (msg #2849, quality: unknown)
  [NEW] Art of eight limbs (msg #2845, quality: unknown)
  [NEW] Waktu Maghrib (2023) (msg #2842, quality: unknown)
  [NEW] It's What's Inside (2024) (msg #2837, quality: unknown)
  [NEW] Heart of Stone 2023 (msg #2833, quality: unknown)
  [NEW] Sumala (2024) (msg #2831, quality: unknown)
  [NEW] THE ANIMAL KINGDOM 2023 (msg #2827, quality: unknown)
  [NEW] GTMAX 2024 (msg #2823, quality: unknown)
  [NEW] Dirty Angels (2024) (msg #2818, quality: unknown)
  [NEW] Hidden Strike 2023 (msg #2805, quality: unknown)
  [NEW] Freelance 2023 (msg #2796, quality: unknown)
  [NEW] Project Silence (msg #2793, quality: unknown)
  [NEW] The Creator (msg #2790, quality: unknown)
  [NEW] The Wonderful Story of Henry Sugar 2023 (msg #2784, quality: unknown)
  [NEW] The fix 2024 (msg #2775, quality: unknown)
  [NEW] Maharaja 2024 (msg #2771, quality: unknown)
  [NEW] Unlocked 2022 2023 (msg #2767, quality: unknown)
  [NEW] Godzilla x Kong The New Empire (2024) (msg #2761, quality: unknown)
  [NEW] Justice League Crisis on Infinite Earths Part Three 2024 (msg #2756, quality: unknown)
  [NEW] Take Cover 2024 (msg #2750, quality: unknown)
  [NEW] THE OTHER ZOEY 2023 (msg #2745, quality: unknown)
  [NEW] Shazam! Fury of the Gods 2023 (msg #2741, quality: unknown)
  [NEW] The Pope's Exorcist (2023) (msg #2737, quality: unknown)
  [NEW] pathaan (2023) (msg #2732, quality: unknown)
  [NEW] Fly Me To The Moon (2024) (msg #2727, quality: unknown)
  [NEW] Double Blind (2023) (msg #2723, quality: unknown)
  [NEW] The Family Plan 2023 (msg #2719, quality: unknown)
  [NEW] The Roundup Punishment 2024 (msg #2712, quality: unknown)
  [NEW] WONKA (msg #2709, quality: unknown)
  [NEW] Perfect Addiction (2023) (msg #2705, quality: unknown)
  [NEW] Khanzab (2023) (msg #2702, quality: unknown)
  [NEW] Priscilla (2023) (msg #2697, quality: unknown)
  [NEW] Savi 2024 (msg #2690, quality: unknown)
  [NEW] Rich Flu 2024 (msg #2682, quality: unknown)
  [NEW] The Piano Lesson 2024 (msg #2674, quality: unknown)
  [NEW] Scream VI 2023 (msg #2668, quality: unknown)
  [NEW] Nowhere (2023) 480 (msg #2663, quality: unknown)
  [NEW] Culpa m?a (2023) (msg #2659, quality: unknown)
  [NEW] Past Lives 2023 (msg #2654, quality: unknown)
  [NEW] The Caregiver 2023 (msg #2647, quality: unknown)
  [NEW] Wolfs 2024 (msg #2639, quality: unknown)
  [NEW] Consumed 2024 (msg #2623, quality: unknown)
  [NEW] Oppenheimer (2023) (msg #2618, quality: unknown)
  [NEW] Sharper (msg #2615, quality: unknown)
  [NEW] Dead Sea (2024) (msg #2612, quality: unknown)
  [NEW] My Fault 2023 (msg #2602, quality: unknown)
  [NEW] Don't Move (2024) (msg #2599, quality: unknown)
  [NEW] Ferrari 2024 (msg #2590, quality: unknown)
  [NEW] No Hard Feelings 2023 (msg #2586, quality: unknown)
  [NEW] Homestead 2024 (msg #2577, quality: unknown)
  [NEW] Plane 2023 (msg #2573, quality: unknown)
  [NEW] Waves 2024 (msg #2565, quality: unknown)
  [NEW] emilia perez 2024 (msg #2561, quality: unknown)
  [NEW] Role Play (msg #2558, quality: unknown)
  [NEW] The Beekeeper 2024 (msg #2549, quality: unknown)
  [NEW] Expendables 4 2023 (msg #2544, quality: unknown)
  [NEW] Elyas 2024 (msg #2537, quality: unknown)
  [NEW] Singham Again 2024 (msg #2533, quality: unknown)
  [NEW] Insidious The Red Door (msg #2528, quality: unknown)
  [NEW] Oppenheimer (2023) (msg #2525, quality: unknown)
  [NEW] Upgraded 2024 (msg #2516, quality: unknown)
  [NEW] Don't Turn Out the Lights 2023 (msg #2513, quality: unknown)
  ... scanned 500 messages so far ...
  [NEW] Bagman 2024 (msg #2511, quality: unknown)
  [NEW] The Beast Within 2024 (msg #2503, quality: unknown)
  [NEW] The Equalizer 3 2023 (msg #2499, quality: unknown)
  [NEW] Dungeons & Dragons Honor Among Thieves 2023 (msg #2492, quality: unknown)
  [NEW] Extraction 2 2023 (msg #2486, quality: unknown)
  [NEW] Gosted (2023) (msg #2481, quality: unknown)
  [NEW] John Wick Chapter 4 2023 (msg #2477, quality: unknown)
  [NEW] Killers of the Flower Moon 2023 (msg #2473, quality: unknown)
  [NEW] Leave the World Behind 2023 (msg #2467, quality: unknown)
  [NEW] The Magicians Raincoat 2024 (msg #2464, quality: unknown)
  [NEW] Family Switch 2023 (msg #2456, quality: unknown)
  [NEW] Fear the Night ( 2023 ) (msg #2450, quality: unknown)
  [NEW] Meg 2 The Trench (2023) (msg #2446, quality: unknown)
  [NEW] Wicked 2024 (msg #2437, quality: unknown)
  [NEW] Armor 2024 (msg #2423, quality: unknown)
  [NEW] Weekend in Taipei (2024) (msg #2418, quality: unknown)
  [NEW] Awareness (2023) (msg #2414, quality: unknown)
  [NEW] Stream (2024) (msg #2406, quality: unknown)
  [NEW] 2023 (msg #2403, quality: unknown)
  [NEW] Better Man 2024 (msg #2396, quality: unknown)
  [NEW] To Catch a Killer 2023 (msg #2391, quality: unknown)
  [NEW] Red One (2024) (msg #2384, quality: unknown)
  [NEW] Twisters (2024) (msg #2379, quality: unknown)
  [NEW] THE THICKET 2024 (msg #2372, quality: unknown)
  [NEW] Drawing Closer 2024 (msg #2363, quality: unknown)
  [NEW] Haunted Heart 2024 (msg #2358, quality: unknown)
  [NEW] Stree 2 2024 (msg #2355, quality: unknown)
  [NEW] Heretic 2024 (msg #2343, quality: unknown)
  [NEW] Heaven in Hell (2023) (msg #2338, quality: unknown)
  [NEW] Do Patti 2024 (msg #2328, quality: unknown)
  [NEW] Hear Me Our Summer (2024) (msg #2324, quality: unknown)
  [NEW] Babygirl (2024) (msg #2320, quality: unknown)
  [NEW] Love You as the World Ends Final (2024) (msg #2317, quality: unknown)
  [NEW] Joker 2 Folie A Deux 2024 (msg #2312, quality: unknown)
  [NEW] Consecration (msg #2307, quality: unknown)
  [NEW] Big World (2024) (msg #2286, quality: unknown)
  [NEW] Azrael 2024 (msg #2281, quality: unknown)
  [NEW] The Shadow Strays 2024 (msg #2275, quality: unknown)
  [NEW] The Crow 2024 (msg #2268, quality: unknown)
  [NEW] Presence 2024 (msg #2258, quality: unknown)
  [NEW] Coyote 2023 (msg #2254, quality: 480p)
  [NEW] Rebel Ridge (msg #2248, quality: unknown)
  [NEW] Talk to Me (msg #2239, quality: unknown)
  [NEW] Winter Spring Summer or Fall 2024 (msg #2234, quality: unknown)
  [NEW] A Real Pain (2024) (msg #2229, quality: unknown)
  [NEW] Longlegs (2024) (msg #2224, quality: unknown)
  [NEW] Silent Love (2024) (msg #2216, quality: unknown)
  [NEW] The Last Breath (2024) (msg #2202, quality: unknown)
  [NEW] Miller's Girl 2024 (msg #2199, quality: unknown)
  [NEW] CADDO LAKE (msg #2195, quality: unknown)
  [NEW] Juror 2 (2024) (msg #2190, quality: unknown)
  [NEW] The Outrun (2024) (msg #2185, quality: unknown)
  [NEW] His three Daughters (2024) (msg #2181, quality: unknown)
  [NEW] Trap (2024) (msg #2176, quality: unknown)
  [NEW] Totally Killer 2023 (2023) (msg #2167, quality: unknown)
  [NEW] Survive (2024) (msg #2162, quality: unknown)
  [NEW] Smile 2 2024 (msg #2154, quality: unknown)
  [NEW] Culpa Tuya (2024) (msg #2148, quality: unknown)
  [NEW] Detective Knight Independence 2023 (msg #2146, quality: unknown)
  [NEW] Anora 2024 (msg #2141, quality: unknown)
  [NEW] The Soul Eater 2024 (msg #2137, quality: unknown)
  [NEW] Aquaman and the Lost Kingdom 2023 (msg #2132, quality: unknown)
  [NEW] Terrifier 3 2024 (msg #2127, quality: unknown)
  [NEW] The Count of Monte Cristo (2024) (msg #2121, quality: unknown)
  [NEW] Apaches 2023 (msg #2117, quality: unknown)
  [NEW] Conclave 2024 (msg #2112, quality: unknown)
  [NEW] apartment 7a (msg #2108, quality: unknown)
  [NEW] The Fabric of Christmas (2023) (msg #2103, quality: unknown)
  [NEW] Carry On 2024 (msg #2092, quality: unknown)
  [NEW] Kraven the Hunter (2024) (msg #2086, quality: unknown)
  [NEW] the substance 2024 (msg #2080, quality: unknown)
  [NEW] Venom The Last Dance 2024 (msg #2074, quality: unknown)
  [NEW] Meet Me Next Christmas (2024) (msg #2069, quality: unknown)
  [NEW] Barbie (2023) (msg #2065, quality: unknown)
  [NEW] William tell 2024 (msg #2034, quality: unknown)
  ... scanned 1000 messages so far ...
  [NEW] Surprised by Oxford (2023) (msg #2012, quality: unknown)
  [NEW] Someone Like You (2024) (msg #2007, quality: unknown)
  [NEW] My Spy The Eternal City 2024 (msg #1999, quality: unknown)
  [NEW] The beautiful Game (2024) (msg #1989, quality: unknown)
  [NEW] Black Noise 2023 (msg #1971, quality: unknown)
  [NEW] Nosferatu 2024 (msg #1967, quality: unknown)
  [NEW] Girl Haunts Boy (2024) (msg #1941, quality: unknown)
  [NEW] GET AWAY 2024 (msg #1932, quality: unknown)
  [NEW] The Killer 2024 (msg #1924, quality: unknown)
  [NEW] Deadpool & Wolverine (2024) (msg #1918, quality: unknown)
  [NEW] An Egypt Affair (2023) (msg #1915, quality: unknown)
  [NEW] Kleks Academy 2023 (msg #1906, quality: unknown)
  [NEW] Sacrifice 2024 (msg #1900, quality: unknown)
  [NEW] MaXXXine 2024 (msg #1894, quality: unknown)
  [NEW] The Dead Don t Hurt 2023 (msg #1887, quality: unknown)
  [NEW] Horizon An American Saga Chapter 1 2024 (msg #1880, quality: unknown)
  [NEW] Snack Shack 2024 (msg #1873, quality: unknown)
  [NEW] A Song from the Dark 2024 (msg #1867, quality: unknown)
  [NEW] Murder company 2024 (msg #1862, quality: unknown)
  [NEW] THE CONVERT 2023 (msg #1856, quality: unknown)
  [NEW] Mea Culpa (msg #1846, quality: unknown)
  [NEW] The Girl Who Escaped The Kara Robinson Story 2023 (msg #1840, quality: unknown)
  [NEW] SUPERCELL 2023 (msg #1836, quality: unknown)
  [NEW] Zom 100 Bucket List of the Dead 2023 (msg #1831, quality: unknown)
  [NEW] Two Sinners and a Mule 2023 (msg #1826, quality: unknown)
  [NEW] Vacation Friends 2 (2023) (msg #1820, quality: unknown)
  [NEW] The Bikeriders 2023 (msg #1814, quality: unknown)
  [NEW] Following 2024 (msg #1807, quality: unknown)
  [NEW] I saw the tv glow 2024 (msg #1801, quality: unknown)
  [NEW] The Beast 2023 (msg #1797, quality: unknown)
  [NEW] The Cigarette 2024 (msg #1791, quality: unknown)
  [NEW] Vanished Into the Night 2024 (msg #1785, quality: unknown)
  [NEW] Problemista (2023) (msg #1781, quality: unknown)
  [NEW] Butcher's Crossing (msg #1777, quality: unknown)
  [NEW] Rendel Cycle of Revenge 2024 (msg #1768, quality: 360p)
  [NEW] Rendel Cycle of Revenge 2024 (msg #1766, quality: unknown)
  [NEW] The Image of You 2024 (msg #1755, quality: unknown)
  [NEW] Knox Goes Away (msg #1748, quality: unknown)
  [NEW] Kingdom Of The Planet Of Apes (2024) (msg #1741, quality: unknown)
  [NEW] One Life 2023 (msg #1736, quality: unknown)
  [NEW] Fast X (msg #1729, quality: unknown)
  [NEW] Space Cadet 2024 (msg #1723, quality: unknown)
  [NEW] Beverly Hills Cop Axel F 2024 (msg #1715, quality: unknown)
  [NEW] The Curse of the Clown Motel 2023 (msg #1709, quality: unknown)
  [NEW] The Fearway 2023 (msg #1705, quality: unknown)
  [NEW] The Roundup 4 2024 (msg #1699, quality: unknown)
  [NEW] Air Force One Down 2024 (msg #1695, quality: unknown)
  [NEW] A Quiet Place Day one (2024) (msg #1688, quality: unknown)
  [NEW] Your Lucky Day 2023 (msg #1684, quality: unknown)
  [NEW] wonderland 2024 (msg #1678, quality: unknown)
  [NEW] The Corpse Washer (2024) (msg #1674, quality: unknown)
  [NEW] Scoop 2024 (msg #1671, quality: unknown)
  [NEW] A Family Affair 2024 (msg #1666, quality: unknown)
  [NEW] In a Violent Nature 2024 (msg #1661, quality: unknown)
  [NEW] Kill Her Goats 2023 (msg #1658, quality: unknown)
  [NEW] Roadkill 2024 (msg #1654, quality: unknown)
  [NEW] The Devil's Bath 2024 (msg #1648, quality: unknown)
  [NEW] The Watchers 2024 (msg #1642, quality: unknown)
  [NEW] Megalodon The Frenzy 2023 (msg #1638, quality: unknown)
  [NEW] Peter Pan And Wendy 2023 (msg #1630, quality: unknown)
  [NEW] Overhaul (msg #1626, quality: unknown)
  [NEW] I Am Celine Dion 2024 (msg #1598, quality: unknown)
  [NEW] Cinderella s Curse 2024 (msg #1587, quality: unknown)
  [NEW] Cinderella s Curse 2024 (msg #1581, quality: unknown)
  [NEW] Blackwater Lane 2024 (msg #1574, quality: unknown)
  [NEW] Furiosa A Mad Max Saga (2024) (msg #1567, quality: unknown)
  [NEW] Ant Man and the Wasp Quantumania 2023 (msg #1561, quality: unknown)
  [NEW] ????? Trigger Warning (msg #1556, quality: unknown)
  [NEW] The Childe 2023 (msg #1550, quality: unknown)
  [NEW] The Devil Conspiracy 2023 (msg #1545, quality: unknown)
  [NEW] The Infallibles 2024 (msg #1539, quality: unknown)
  [NEW] Old Dads 2023 (msg #1535, quality: unknown)
  [NEW] Jackdaw 2023 (msg #1529, quality: unknown)
  [NEW] Martingale 2024 (msg #1523, quality: unknown)
  [NEW] Handling the Undead 2024 (msg #1517, quality: unknown)
  ... scanned 1500 messages so far ...
  [NEW] The Promised Land 2023 (msg #1511, quality: unknown)
  [NEW] Bad Boys Ride or Die 2024 (msg #1502, quality: unknown)
  [NEW] The Tank (2023) (msg #1496, quality: unknown)
  [NEW] The Channel (2023) (msg #1489, quality: unknown)
  [NEW] IF 2024 (msg #1481, quality: unknown)
  [NEW] The Teacher's Lounge (2023) (msg #1474, quality: unknown)
  [NEW] Black Lotus (2023) (msg #1470, quality: unknown)
  [NEW] How to Date Billy Walsh 2024 (msg #1466, quality: unknown)
  [NEW] Hypnotic (2023) (msg #1459, quality: unknown)
  [NEW] Butchers Book Two Raghorn (2024) (msg #1455, quality: unknown)
  [NEW] Campton Manor 2024 (msg #1449, quality: unknown)
  [NEW] An Angry Boy 2023 (msg #1443, quality: unknown)
  [NEW] Crocodylus Mating Season 2023 (msg #1437, quality: unknown)
  [NEW] The Last Stop in Yuma County 2023 (msg #1433, quality: unknown)
  [NEW] The Hangman 2024 (msg #1427, quality: unknown)
  [NEW] Ship of the Damned 2024 (msg #1421, quality: unknown)
  [NEW] Omg 2 (2023) (msg #1413, quality: unknown)
  [NEW] Life after fighting 2024 (msg #1407, quality: unknown)
  [NEW] Kill craft 2024 (msg #1401, quality: unknown)
  [NEW] Imaginary (2024) (msg #1394, quality: unknown)
  [NEW] Hit Man 2023 (msg #1388, quality: unknown)
  [NEW] The Strangers Chapter 1 (msg #1382, quality: unknown)
  [NEW] Reptile (2023) (msg #1376, quality: unknown)
  [NEW] Colors of Evil Red 2024 (msg #1370, quality: unknown)
  [NEW] Bade Miyan Chote Miyan 2024 (msg #1364, quality: unknown)
  [NEW] Under Paris 2024 (msg #1358, quality: unknown)
  [NEW] Cinderella s Revenge 2024 (msg #1352, quality: unknown)
  [NEW] Paradox Effect 2023 (msg #1346, quality: unknown)
  [NEW] The Day 12.12 2023 (msg #1340, quality: unknown)
  [NEW] The Legend of Catclaws Mountain 2024 (msg #1334, quality: unknown)
  [NEW] Too Old for Fairy Tales 2 2024 (msg #1328, quality: unknown)
  [NEW] Bag of Lies 2024 (msg #1322, quality: unknown)
  [NEW] Last Sentinel 2023 (msg #1316, quality: unknown)
  [NEW] IF 2024 (msg #1310, quality: unknown)
  [NEW] Turtles All the Way Down 2024 (msg #1304, quality: unknown)
  [NEW] BACK TO BLACK 2024 (msg #1299, quality: unknown)
  [NEW] The Wages of Fear 2024 (msg #1294, quality: unknown)
  [NEW] Die Hart 2 Die Harter 2024 (msg #1288, quality: unknown)
  [NEW] Love Is in the Air 2023 (msg #1283, quality: unknown)
  [NEW] Jaane Jaan 2023 (msg #1278, quality: unknown)
  [NEW] Mafia Mamma (2023) (msg #1272, quality: unknown)
  [NEW] Dead Wrong 2024 (msg #1266, quality: unknown)
  [NEW] Stolen Baby The Murder of Heidi Broussard 2023 (msg #1261, quality: unknown)
  [NEW] Soulmate 2023 (msg #1256, quality: unknown)
  [NEW] The Courier 2024 (msg #1250, quality: unknown)
  [NEW] The Shamrock Spitfire 2024 (msg #1244, quality: unknown)
  [NEW] Crew 2024 (msg #1238, quality: unknown)
  [NEW] Tarot 2024 (msg #1232, quality: unknown)
  [NEW] Last Night at Terrace lanes 2024 (msg #1227, quality: unknown)
  [NEW] thunder rescue 2023 (msg #1224, quality: unknown)
  [NEW] Hopeless 2023 (msg #1219, quality: unknown)
  [NEW] Adagio 2023 (msg #1213, quality: unknown)
  [NEW] The First Omen 2024 (msg #1207, quality: unknown)
  [NEW] BlackBerry (2023) (msg #1202, quality: unknown)
  [NEW] A Million Miles Away (2023) (msg #1196, quality: unknown)
  [NEW] 2023 Cobweb (msg #1190, quality: unknown)
  [NEW] Stephen curry Underrated 2023 (msg #1185, quality: unknown)
  [NEW] Furiosa A Mad Max Saga (2024) (msg #1180, quality: unknown)
  [NEW] Mothers' Instinct (2024) (msg #1174, quality: unknown)
  [NEW] Don t Look Away 2023 (msg #1169, quality: unknown)
  [NEW] Laapataa Ladies 2023 (msg #1161, quality: unknown)
  [NEW] The Portable Door 2023 (msg #1155, quality: unknown)
  [NEW] ????? ???. 2024 (msg #1149, quality: unknown)
  [NEW] Ruthless 2023 (msg #1143, quality: unknown)
  [NEW] Big George Foreman (2023) (msg #1137, quality: unknown)
  [NEW] Boy Kills World 2023 (msg #1130, quality: unknown)
  [NEW] Impulse 2023 (msg #1124, quality: unknown)
  [NEW] Ricky Stanicky 2024 (msg #1118, quality: unknown)
  [NEW] Guimoon The Lightless Door 2023 (msg #1114, quality: unknown)
  [NEW] Chapel 2024 (msg #1108, quality: unknown)
  [NEW] Easter Bloody Easter 2024 (msg #1102, quality: unknown)
  [NEW] Winnie the Pooh Blood and Honey (2023) (msg #1097, quality: unknown)
  [NEW] The Fall Guy (2024) (msg #1092, quality: unknown)
  [NEW] Faceless After Dark 2023 (msg #1086, quality: unknown)
  [NEW] New life (2023) (msg #1081, quality: unknown)
  [NEW] Challengers 2024 (msg #1076, quality: unknown)
  [NEW] Chasing Raine 2024 (msg #1070, quality: unknown)
  [NEW] Nightwatch Demons Are Forever 2023 (msg #1064, quality: unknown)
  [NEW] Foil 2023 (msg #1058, quality: unknown)
  [NEW] Mothers Instinct 2024 (msg #1052, quality: unknown)
  [NEW] You Can't Run Forever 2024 (msg #1046, quality: unknown)
  [NEW] End of the Rope 2023 (msg #1040, quality: unknown)
  [NEW] Zombie Town 2023 (msg #1035, quality: unknown)
  [NEW] Green Night 2023 (msg #1029, quality: unknown)
  [NEW] Noryang Deadly Sea 2023 (msg #1023, quality: unknown)
  [NEW] Light 2024 (msg #1017, quality: unknown)
  ... scanned 2000 messages so far ...
  [NEW] Monster Mash 2024 (msg #1011, quality: unknown)
  [NEW] Blocking The Horse (2024) (msg #1004, quality: unknown)
  [NEW] Hack Your Health The Secrets of Your Gut 2024 (msg #1001, quality: unknown)
  [NEW] Kane 2023 (msg #995, quality: unknown)
  [NEW] Founders Day 2023 (msg #989, quality: unknown)
  [NEW] For Sale 2024 (msg #983, quality: unknown)
  [NEW] The Arctic Convoy (2023) (msg #978, quality: unknown)
  [NEW] Mrs Chatterjee Vs Norway(2023) (msg #972, quality: unknown)
  [NEW] Breakwater 2024 (msg #966, quality: unknown)
  [NEW] Warchief 2024 (msg #960, quality: unknown)
  [NEW] Jade 2024 (msg #954, quality: unknown)
  [NEW] Drive Away Dolls 2024 (msg #947, quality: unknown)
  [NEW] The Ministry of Ungentlemanly Warfare (2024) (msg #941, quality: unknown)
  [NEW] Lazareth 2024 (msg #934, quality: unknown)
  [NEW] Desperado 2024 (msg #928, quality: unknown)
  [NEW] Irena's Vow 2024 (msg #922, quality: unknown)
  [NEW] Breathe (2024) (msg #916, quality: unknown)
  [NEW] 97 Minutes (2023) (msg #910, quality: unknown)
  [NEW] Lo Capitano (2023) (msg #905, quality: unknown)
  [NEW] Sting 2024 (msg #899, quality: unknown)
  [NEW] Tu Jhoothi Main Makkaar 2023 (msg #893, quality: unknown)
  [NEW] Bloodline Killer 2024 (msg #887, quality: unknown)
  [NEW] Bade Miyan Chote Miyan 2024 Little Miyan, Big Miya (msg #882, quality: unknown)
  [NEW] Flora and Son 2023 (msg #876, quality: unknown)
  [NEW] Darkness Of Man (2024) (msg #871, quality: unknown)
  [NEW] single in seoul (2023) (msg #864, quality: unknown)
  [NEW] We Have a Ghost (2023) (msg #859, quality: unknown)
  [NEW] laroy texas 2023 (msg #852, quality: unknown)
  [NEW] Yodha 2024 (msg #847, quality: unknown)
  [NEW] Creed 3 (2023) (msg #841, quality: unknown)
  [NEW] A Biltmore Christmas (2023) (msg #835, quality: unknown)
  [NEW] Mother of the Bride 2024 (msg #830, quality: unknown)
  [NEW] Shaitaan 2024 (msg #824, quality: unknown)
  [NEW] Tetris (2023) (msg #819, quality: unknown)
  [NEW] ministry of ungentlemanly warfare (2024) (msg #814, quality: unknown)
  [NEW] The Unseen 2023 (msg #810, quality: unknown)
  [NEW] Fighter (msg #804, quality: unknown)
  [NEW] Something in the Water 2024 (msg #799, quality: unknown)
  [NEW] The.Deadly.Swarm.2024 (msg #794, quality: 360p)
  [NEW] The Kitchen 2023 (msg #788, quality: unknown)
  [NEW] Unfrosted 2024 (msg #783, quality: unknown)
  [NEW] Le prix du passage (msg #777, quality: unknown)
  [NEW] Double Soul 2023 (msg #773, quality: unknown)
  [NEW] All the Names of God 2023 (msg #768, quality: unknown)
  [NEW] Aka (2023) (msg #763, quality: unknown)
  [NEW] Abigail (2024) (msg #758, quality: unknown)
  [NEW] City Hunter 2024 (msg #753, quality: unknown)
  [NEW] Crakk Jeetega... Toh Jiyegaa 2024 (msg #749, quality: unknown)
  [NEW] God Is a Bullet 2023 (msg #745, quality: unknown)
  [NEW] Sometimes i Think About Dying (2023) (msg #741, quality: unknown)
  [NEW] DELIVER US 2023 (msg #736, quality: unknown)
  [NEW] Arcadian 2024 (msg #731, quality: unknown)
  [NEW] Chief of Station 2024 (msg #726, quality: unknown)
  [NEW] boy kills world 2023 (msg #721, quality: unknown)
  [NEW] Knights of the Zodiac 2023 (msg #716, quality: unknown)
  [NEW] Ransomed 2023 (msg #711, quality: unknown)
  [NEW] Ordinary Angels 2024 (msg #704, quality: unknown)
  [NEW] Forgotten Love 2023 (msg #699, quality: unknown)
  [NEW] About My Father 2023 (msg #693, quality: unknown)
  [NEW] Beautiful Rebel (2024) (msg #687, quality: unknown)
  [NEW] Cash out 2024 (msg #682, quality: unknown)
  [NEW] Cabrini 2024 (msg #676, quality: unknown)
  [NEW] Humane 2024 (msg #665, quality: unknown)
  [NEW] LOVE, DIVIDED 2024 (msg #659, quality: unknown)
  [NEW] Bird Box Barcelona (2023) (msg #654, quality: unknown)
  [NEW] This Is Me Now 2024 (msg #649, quality: unknown)
  [NEW] Godzilla Minus One 2023 (msg #644, quality: unknown)
  [NEW] Rest in Peace 2024 (msg #638, quality: unknown)
  [NEW] Once Upon a Crime 2023 6 10 (msg #632, quality: unknown)
  [NEW] The Zone of Interest 2023 (msg #625, quality: unknown)
  [NEW] CODE 8 PART II 2024 (msg #620, quality: unknown)
  [NEW] The Perfect Find (2023) (msg #617, quality: unknown)
  [NEW] Love Reset 2023 (msg #612, quality: unknown)
  [NEW] Spirit Doll (msg #605, quality: unknown)
  [NEW] THE NEW BOY 2023 (msg #600, quality: unknown)
  [NEW] Silence 2 The Night Owl Bar Shootout 2024 WebDL (msg #594, quality: unknown)
  [NEW] ????? Infested (msg #590, quality: unknown)
  [NEW] What Jennifer Did (2024) (msg #586, quality: unknown)
  [NEW] Seconds (2023) 57 (msg #580, quality: unknown)
  [NEW] Hunger (msg #576, quality: unknown)
  [NEW] Heart of the Hunter 2024 (msg #571, quality: unknown)
  [NEW] 5lbs of Pressure 2024 (msg #563, quality: unknown)
  [NEW] Which Brings Me to You 2023 (msg #559, quality: unknown)
  [NEW] YOU ARE SO NOT INVITED TO MY BAT MITZVAH (2023) (msg #555, quality: unknown)
  [NEW] No One Will Save You 2023 (msg #550, quality: unknown)
  [NEW] The Old Oak (2023) (msg #546, quality: unknown)
  [NEW] Ghostbusters Frozen Empire (2024) (msg #541, quality: unknown)
  [NEW] 6 Hours Away 2024 (msg #536, quality: unknown)
  [NEW] Downtown Owl (2023) (msg #532, quality: unknown)
  [NEW] Arthur the King 2024 (msg #526, quality: unknown)
  [NEW] DESPERATION ROAD 2023 (msg #521, quality: unknown)
  [NEW] SLOTHERHOUSE 2023 (msg #516, quality: unknown)
  ... scanned 2500 messages so far ...
  [NEW] The.Three.Musketeers.Part.II 2023 (msg #510, quality: unknown)
  [NEW] MR 9 Do or Die 2023 (msg #505, quality: unknown)
  [NEW] The Taste of Things (2023) (msg #499, quality: unknown)
  [NEW] A Tourist's Guide to Love 2023 (msg #495, quality: unknown)
  [NEW] Brave Citizen (msg #490, quality: unknown)
  [NEW] 12th Fail 2023 (msg #484, quality: unknown)
  [NEW] PHENOMENA 2023 (msg #476, quality: unknown)
  [NEW] MONKEY MAN 2024 (msg #468, quality: unknown)
  [NEW] Exhuma 2024 (msg #461, quality: unknown)
  [NEW] Don't Buy the Seller (2023) (msg #454, quality: unknown)
  [NEW] Asphalt City (2023) (msg #449, quality: unknown)
  [NEW] Ride On ( 2023 ) (msg #444, quality: unknown)
  [NEW] Late Night with the Devil 2023 (msg #441, quality: unknown)
  [NEW] Float 2023 (msg #436, quality: unknown)
  [NEW] ANACONDA 2024 (msg #428, quality: unknown)
  [NEW] Escalation (2023) (msg #422, quality: unknown)
  [NEW] The Last Kingdom Seven Kings Must Die 2023 (msg #416, quality: unknown)
  [NEW] Rebel Moon Part Two The Scargiver (2024) 2 ( ) ( ) (msg #411, quality: unknown)
  [NEW] The Greatest Hits (2024) (msg #407, quality: unknown)
  [NEW] Rebound (2023) (msg #401, quality: unknown)
  [NEW] Fool's Paradise (2023) (msg #396, quality: unknown)
  [NEW] Gran Turismo (2023) (msg #391, quality: unknown)
  [NEW] Immaculate 2024 (msg #387, quality: unknown)
  [NEW] Damaged 2024 (msg #383, quality: unknown)
  [NEW] Cult Killer 2024 (msg #378, quality: unknown)
  [NEW] Stolen 2024 (msg #372, quality: unknown)
  [NEW] Wicked Little Letters (2023) (msg #366, quality: unknown)
  [NEW] Madame Web (msg #361, quality: unknown)
  [NEW] ACCUSED 2023 (msg #356, quality: unknown)
  [NEW] Woody Woodpecker Goes to Camp 2024 (msg #352, quality: unknown)
  [NEW] Kill Boksoon (msg #346, quality: unknown)
  [NEW] Through My Window Looking at You (2024) (msg #341, quality: unknown)
  [NEW] Sleeping Dogs 2024 (2024) (msg #335, quality: unknown)
  [NEW] YOU'LL NEVER FIND ME 2023 (msg #331, quality: unknown)
  [NEW] The Hill (2023) (msg #327, quality: unknown)
  [NEW] Baghead 2023 (msg #323, quality: unknown)
  [NEW] The haunted mansion 2023 (msg #318, quality: unknown)
  [NEW] The Bigfoot Trap 2023 (msg #314, quality: unknown)
  [NEW] The Boogeyman 2023 (msg #310, quality: unknown)
  [NEW] Quicksand (2023) (msg #302, quality: unknown)
  [NEW] Dune 2 2024 (msg #297, quality: unknown)
  [NEW] Dream (2023) (msg #292, quality: unknown)
  [NEW] Bury the Bride 2023 (msg #288, quality: unknown)
  [NEW] Cascade 2023 (msg #284, quality: unknown)
  [NEW] Cold meat 2023 (msg #280, quality: unknown)
  [NEW] Imaginary 2024 (msg #276, quality: unknown)
  [NEW] Fast X (msg #272, quality: unknown)
  [NEW] Deep Fear (2023) (msg #267, quality: unknown)
  [NEW] Prey 2024 (msg #263, quality: unknown)
  [NEW] " " 1972 (msg #259, quality: unknown)
  [NEW] Assassin 2023 " " " ". . " " " " (msg #255, quality: unknown)
  [NEW] Poor Things 2023 (msg #249, quality: unknown)
  [NEW] Road House 2024 (msg #245, quality: unknown)
  [NEW] Kandahar 2023 (msg #241, quality: unknown)
  [NEW] Switch 2023 (msg #234, quality: unknown)
  [NEW] IRISH WISH 2024 (msg #229, quality: unknown)
  [NEW] Sijjin (msg #224, quality: unknown)
  [NEW] Marmalade 2024 (msg #220, quality: unknown)
  [NEW] Sisu 2023 (msg #216, quality: unknown)
  [NEW] Parallel (msg #211, quality: unknown)
  [NEW] AIR 2023 (msg #207, quality: unknown)
  [NEW] Clock 2023 (msg #203, quality: unknown)
  [NEW] ????? Susuk (msg #198, quality: unknown)
  [NEW] NO WAY UP 2024 (msg #190, quality: unknown)
  [NEW] Colorblind 2023 (msg #187, quality: unknown)
  [NEW] Transformers Rise of the Beasts 2023 " (msg #182, quality: unknown)
  [NEW] The Roundup No Way Out 2023 (msg #178, quality: unknown)
  [NEW] Rebel Moon Part One A Child of Fire (msg #174, quality: unknown)
  [NEW] Jeanne du Barry 2023 (msg #170, quality: unknown)
  [NEW] Merry Christmas 2024 (msg #168, quality: unknown)
  [NEW] Fallen Leaves 2023 (msg #164, quality: unknown)
  [NEW] Fair Play (2023) (msg #159, quality: unknown)
  [NEW] WHEN EVIL LURKS 2023 (msg #154, quality: unknown)
  [NEW] The Flash (msg #147, quality: unknown)
  [NEW] ????? Damsel (msg #143, quality: unknown)
  [NEW] Gumraah (2023) (msg #139, quality: unknown)
  [NEW] ????? Dark Windows (msg #135, quality: unknown)
  [NEW] SHAZAM! FURY OF THE GODS (msg #130, quality: unknown)
  [NEW] Concrete Utopia (msg #126, quality: unknown)
  [NEW] Justice League Crisis on Infinite Earths Part One 2024 (msg #120, quality: unknown)
  [NEW] My Name Is Loh Kiwan (2024) (msg #115, quality: unknown)
  [NEW] Blood Vessel 2023 (msg #111, quality: unknown)
  [NEW] Salaar (2023) (msg #107, quality: unknown)
  [NEW] Joy Ride 2023 (msg #103, quality: unknown)
  [NEW] Spaceman 2024 (msg #99, quality: unknown)
  [NEW] Out of Exile 2023 (msg #95, quality: unknown)
  [NEW] Megamind vs The Doom Syndicate 2024 (msg #91, quality: unknown)
  [NEW] Mean Girls 3 (msg #87, quality: unknown)
  [NEW] THE BRICKLAYER 2023 (msg #83, quality: unknown)
  [NEW] The Bridge Curse Ritual (msg #79, quality: unknown)
  [NEW] Bhakshak 2024 (msg #76, quality: unknown)
  [NEW] The Little Mermaid (2023) (msg #72, quality: unknown)
  [NEW] Pain Hustlers 2023 (msg #68, quality: unknown)
  [NEW] The mother 2023 (msg #63, quality: unknown)
  [NEW] Out of Darkness 2024 (msg #59, quality: unknown)
  [NEW] Gran Turismo 2023 (msg #55, quality: unknown)
  [NEW] Argylle (2024) (msg #51, quality: unknown)
  [NEW] Dune 2 2024 (msg #47, quality: unknown)
  [NEW] The Covenant 2023 (msg #43, quality: unknown)
  [NEW] Thanksgiving 2023 (msg #39, quality: unknown)
  [NEW] Maestro 2023 (msg #36, quality: unknown)
  [NEW] The Passenger 2023 (msg #32, quality: unknown)
  [NEW] Blue Beetle (2023) (msg #27, quality: unknown)
  [NEW] Beautiful Disaster (2023) (msg #23, quality: unknown)
  [NEW] Spiderman Across The Spider Verse 2023 (msg #20, quality: unknown)
  [NEW] Asteroid City 2023 (msg #15, quality: unknown)
  ... scanned 3000 messages so far ...
  [NEW] A Haunting in Venice 2023 (msg #11, quality: unknown)
  [NEW] Red Right Hand 2024 (msg #7, quality: unknown)
  [NEW] Farang (2023) (msg #3, quality: unknown)

============================================================
  SCRAPING COMPLETE
============================================================
  Total Telegram messages scanned : 3011
  Total movies imported (parsed)  : 531
  Total duplicates skipped        : 2462
  Total new movies added          : 531
  Time elapsed                    : 34.5s
============================================================

Database: C:\Users\socrat\Desktop\Movis_with_Telegram\database\movies.db
